<?xml version="1.0" encoding="UTF-8"?>
<!-- Generated by org.testng.reporters.JUnitReportReporter -->
<testsuite hostname="Amals-MacBook-Air.local" name="testCases.HomepageTest" tests="3" failures="0" timestamp="7 Sep 2020 11:11:59 GMT" time="27.225" errors="0">
  <testcase name="validatelogoTest" time="6.995" classname="testCases.HomepageTest"/>
  <testcase name="validateContactsPageTest" time="10.582" classname="testCases.HomepageTest"/>
  <testcase name="validateUserTest" time="9.648" classname="testCases.HomepageTest"/>
</testsuite> <!-- testCases.HomepageTest -->
