<?xml version="1.0" encoding="UTF-8"?>
<!-- Generated by org.testng.reporters.JUnitReportReporter -->
<testsuite hostname="Amals-MacBook-Air.local" name="testCases.HomepageTest" tests="3" failures="0" timestamp="9 Sep 2020 10:56:16 GMT" time="27.447" errors="0">
  <testcase name="validateUserTest" time="10.090" classname="testCases.HomepageTest"/>
  <testcase name="validateContactsPageTest" time="8.463" classname="testCases.HomepageTest"/>
  <testcase name="validatelogoTest" time="8.894" classname="testCases.HomepageTest"/>
</testsuite> <!-- testCases.HomepageTest -->
