<?xml version="1.0" encoding="UTF-8"?>
<!-- Generated by org.testng.reporters.JUnitReportReporter -->
<testsuite skipped="0" hostname="DEL-BBQ0PQ2" name="testCases.LoginTest" tests="2" failures="0" timestamp="2020-09-01T13:08:21 IST" time="27.999" errors="0">
  <testcase name="TitleTest" time="13.067" classname="testCases.LoginTest"/>
  <system-out/>
  <testcase name="LoginTest" time="14.932" classname="testCases.LoginTest"/>
  <system-out/>
</testsuite> <!-- testCases.LoginTest -->
