<?xml version="1.0" encoding="UTF-8"?>
<!-- Generated by org.testng.reporters.JUnitReportReporter -->
<testsuite hostname="Amals-MacBook-Air.local" name="testCases.LoginTest" tests="2" failures="0" timestamp="9 Sep 2020 12:51:30 GMT" time="19.296" errors="0">
  <testcase name="TitleTest" time="7.180" classname="testCases.LoginTest"/>
  <testcase name="LoginTest1" time="12.116" classname="testCases.LoginTest"/>
</testsuite> <!-- testCases.LoginTest -->
