<?xml version="1.0" encoding="UTF-8"?>
<!-- Generated by org.testng.reporters.JUnitReportReporter -->
<testsuite hostname="Amals-MacBook-Air.local" name="testCases.LoginTest" tests="2" failures="0" timestamp="7 Sep 2020 11:09:10 GMT" time="20.085" errors="0">
  <testcase name="TitleTest" time="9.579" classname="testCases.LoginTest"/>
  <testcase name="LoginTest" time="10.506" classname="testCases.LoginTest"/>
</testsuite> <!-- testCases.LoginTest -->
