<?xml version="1.0" encoding="UTF-8"?>
<!-- Generated by org.testng.reporters.JUnitReportReporter -->
<testsuite hostname="Amals-MacBook-Air.local" name="testCases.ExcelReadTest" tests="2" failures="0" timestamp="8 Oct 2020 07:26:50 GMT" time="22.848" errors="0">
  <testcase name="loginTest" time="9.133" classname="testCases.ExcelReadTest"/>
  <testcase name="loginTest" time="13.715" classname="testCases.ExcelReadTest"/>
</testsuite> <!-- testCases.ExcelReadTest -->
