<?xml version="1.0" encoding="UTF-8"?>
<!-- Generated by org.testng.reporters.JUnitReportReporter -->
<testsuite skipped="0" hostname="DEL-BBQ0PQ2" name="testCases.HomepageTest" tests="3" failures="0" timestamp="2020-09-02T13:49:21 IST" time="39.965" errors="0">
  <testcase name="validatelogoTest" time="13.703" classname="testCases.HomepageTest"/>
  <system-out/>
  <testcase name="validateUserTest" time="13.676" classname="testCases.HomepageTest"/>
  <system-out/>
  <testcase name="validateContactsPageTest" time="12.586" classname="testCases.HomepageTest"/>
  <system-out/>
</testsuite> <!-- testCases.HomepageTest -->
